TN:
SF:src\main\productos\combo.ts
FN:8,Combo
FN:13,agregarProducto
FN:19,precio
FN:29,stock
FNF:4
FNH:4
FNDA:2,Combo
FNDA:6,agregarProducto
FNDA:1,precio
FNDA:1,stock
DA:1,1
DA:2,1
DA:3,1
DA:4,1
DA:5,1
DA:6,1
DA:7,1
DA:8,1
DA:9,2
DA:10,2
DA:11,2
DA:12,1
DA:13,1
DA:14,6
DA:15,6
DA:16,1
DA:17,1
DA:18,1
DA:19,1
DA:20,1
DA:21,1
DA:22,1
DA:23,1
DA:24,1
DA:25,1
DA:26,1
DA:27,1
DA:28,1
DA:29,1
DA:30,1
DA:31,1
DA:32,1
DA:33,1
DA:34,1
DA:35,1
DA:36,1
DA:37,1
DA:38,1
DA:39,1
DA:40,1
DA:41,1
DA:42,1
DA:43,1
DA:44,1
LF:44
LH:44
BRDA:8,0,0,2
BRDA:13,1,0,6
BRDA:19,2,0,1
BRDA:25,3,0,3
BRDA:29,4,0,1
BRDA:41,5,0,2
BRDA:41,6,0,0
BRF:7
BRH:6
end_of_record
TN:
SF:src\main\productos\producto.ts
FN:6,Producto
FNF:1
FNH:1
FNDA:8,Producto
DA:1,1
DA:2,1
DA:3,1
DA:4,1
DA:5,1
DA:6,1
DA:7,8
DA:8,8
DA:9,1
DA:10,1
DA:11,1
DA:12,1
DA:13,1
DA:14,1
LF:14
LH:14
BRDA:6,0,0,8
BRF:1
BRH:1
end_of_record
TN:
SF:src\main\productos\productoSimple.ts
FN:8,ProductoSimple
FN:14,precio
FN:17,stock
FNF:3
FNH:3
FNDA:6,ProductoSimple
FNDA:3,precio
FNDA:5,stock
DA:1,1
DA:2,1
DA:3,1
DA:4,1
DA:5,1
DA:6,1
DA:7,1
DA:8,1
DA:9,6
DA:10,6
DA:11,6
DA:12,6
DA:13,1
DA:14,1
DA:15,3
DA:16,3
DA:17,1
DA:18,5
DA:19,5
DA:20,1
LF:20
LH:20
BRDA:8,0,0,6
BRDA:14,1,0,3
BRDA:17,2,0,5
BRF:3
BRH:3
end_of_record
